<?xml version="1.0" encoding="UTF-8"?>
<!-- Generated by org.testng.reporters.JUnitReportReporter -->
<testsuite hostname="Mohammads-Air" name="lec23_java_selenium.DragAndDropAction" tests="1" failures="0" timestamp="16 May 2021 01:29:28 GMT" time="18.720" errors="0">
  <testcase name="dragAndDropAction" time="18.720" classname="lec23_java_selenium.DragAndDropAction"/>
</testsuite> <!-- lec23_java_selenium.DragAndDropAction -->
