<?xml version="1.0" encoding="UTF-8"?>
<!-- Generated by org.testng.reporters.JUnitReportReporter -->
<testsuite hostname="Mohammads-Air" name="lec23_java_selenium.y_SwitchMethods_Windows" tests="1" failures="0" timestamp="17 May 2021 20:33:58 GMT" time="0.667" errors="0">
  <testcase name="switchWindows" time="0.667" classname="lec23_java_selenium.y_SwitchMethods_Windows"/>
</testsuite> <!-- lec23_java_selenium.y_SwitchMethods_Windows -->
