<?xml version="1.0" encoding="UTF-8"?>
<!-- Generated by org.testng.reporters.JUnitReportReporter -->
<testsuite hostname="Mohammads-Air" name="lec23_java_selenium.C01_FindElementVsFindElements" tests="2" failures="0" timestamp="20 May 2021 03:33:15 GMT" time="0.843" errors="0">
  <testcase name="findElementTest" time="0.111" classname="lec23_java_selenium.C01_FindElementVsFindElements"/>
  <testcase name="FindElementsTest" time="0.732" classname="lec23_java_selenium.C01_FindElementVsFindElements"/>
</testsuite> <!-- lec23_java_selenium.C01_FindElementVsFindElements -->
