<?xml version="1.0" encoding="UTF-8"?>
<!-- Generated by org.testng.reporters.JUnitReportReporter -->
<testsuite hostname="Mohammads-Air.fios-router.home" name="lec23_java_selenium.ScrollDownAndUpAction" tests="1" failures="0" timestamp="9 Apr 2021 22:38:40 GMT" time="21.814" errors="0">
  <testcase name="test" time="21.814" classname="lec23_java_selenium.ScrollDownAndUpAction"/>
</testsuite> <!-- lec23_java_selenium.ScrollDownAndUpAction -->
