<?xml version="1.0" encoding="UTF-8"?>
<!-- Generated by org.testng.reporters.JUnitReportReporter -->
<testsuite hostname="Mohammads-Air" name="lec23_java_selenium.SelectByValue" tests="1" failures="0" timestamp="18 May 2021 20:11:52 GMT" time="3.544" errors="0">
  <testcase name="selectByValueTest" time="3.544" classname="lec23_java_selenium.SelectByValue"/>
</testsuite> <!-- lec23_java_selenium.SelectByValue -->
