<?xml version="1.0" encoding="UTF-8"?>
<!-- Generated by org.testng.reporters.JUnitReportReporter -->
<testsuite hostname="Mohammads-Air" name="lec23_java_selenium.A_ClickAWebElement" tests="8" failures="0" timestamp="19 May 2021 16:19:44 GMT" time="1.654" errors="0">
  <testcase name="homepageLoginButtonTest02" time="0.116" classname="lec23_java_selenium.A_ClickAWebElement"/>
  <testcase name="homepageLoginButtonTest07" time="0.222" classname="lec23_java_selenium.A_ClickAWebElement"/>
  <testcase name="homepageLoginButtonTest04" time="0.136" classname="lec23_java_selenium.A_ClickAWebElement"/>
  <testcase name="homepageLoginButtonTest05" time="0.235" classname="lec23_java_selenium.A_ClickAWebElement"/>
  <testcase name="homepageLoginButtonTest06" time="0.185" classname="lec23_java_selenium.A_ClickAWebElement"/>
  <testcase name="homepageLoginButtonTest08" time="0.246" classname="lec23_java_selenium.A_ClickAWebElement"/>
  <testcase name="homepageLoginButtonTest03" time="0.059" classname="lec23_java_selenium.A_ClickAWebElement"/>
  <testcase name="homepageLoginButtonTest01" time="0.455" classname="lec23_java_selenium.A_ClickAWebElement"/>
</testsuite> <!-- lec23_java_selenium.A_ClickAWebElement -->
