<?xml version="1.0" encoding="UTF-8"?>
<!-- Generated by org.testng.reporters.JUnitReportReporter -->
<testsuite hostname="Mohammads-Air" name="lec23_java_selenium.SwitchMethods_Windows" tests="1" failures="0" timestamp="1 May 2021 19:06:04 GMT" time="0.418" errors="0">
  <testcase name="switchWindows" time="0.418" classname="lec23_java_selenium.SwitchMethods_Windows"/>
</testsuite> <!-- lec23_java_selenium.SwitchMethods_Windows -->
