<?xml version="1.0" encoding="UTF-8"?>
<!-- Generated by org.testng.reporters.JUnitReportReporter -->
<testsuite hostname="Mohammads-Air" name="lec23_java_selenium.AuthenticationPopUp" tests="1" failures="0" timestamp="19 May 2021 04:54:48 GMT" time="5.075" errors="0">
  <testcase name="authenticationPopUpTest" time="5.075" classname="lec23_java_selenium.AuthenticationPopUp"/>
</testsuite> <!-- lec23_java_selenium.AuthenticationPopUp -->
