<?xml version="1.0" encoding="UTF-8"?>
<!-- Generated by org.testng.reporters.JUnitReportReporter -->
<testsuite hostname="Mohammads-Air" name="lec23_java_selenium.SelectByIndex" tests="1" failures="0" timestamp="18 May 2021 19:17:33 GMT" time="1.912" errors="0">
  <testcase name="selectByIndexTest" time="1.912" classname="lec23_java_selenium.SelectByIndex"/>
</testsuite> <!-- lec23_java_selenium.SelectByIndex -->
