<?xml version="1.0" encoding="UTF-8"?>
<!-- Generated by org.testng.reporters.JUnitReportReporter -->
<testsuite hostname="Mohammads-Air" name="lec23_java_selenium.B_DisplayVisibilityOrAvailabilityOfAWebElement" tests="3" failures="0" timestamp="20 May 2021 03:12:29 GMT" time="0.163" errors="0">
  <testcase name="homepageLoginLogoTest" time="0.099" classname="lec23_java_selenium.B_DisplayVisibilityOrAvailabilityOfAWebElement"/>
  <testcase name="homepageLoginButtonTest" time="0.030" classname="lec23_java_selenium.B_DisplayVisibilityOrAvailabilityOfAWebElement"/>
  <testcase name="homePageCheckboxTest" time="0.034" classname="lec23_java_selenium.B_DisplayVisibilityOrAvailabilityOfAWebElement"/>
</testsuite> <!-- lec23_java_selenium.B_DisplayVisibilityOrAvailabilityOfAWebElement -->
