<?xml version="1.0" encoding="UTF-8"?>
<!-- Generated by org.testng.reporters.JUnitReportReporter -->
<testsuite hostname="Mohammads-Air" name="lec23_java_selenium.DoubleClickAction" tests="1" failures="0" timestamp="16 Apr 2021 21:48:34 GMT" time="7.795" errors="0">
  <testcase name="test" time="7.795" classname="lec23_java_selenium.DoubleClickAction"/>
</testsuite> <!-- lec23_java_selenium.DoubleClickAction -->
