<?xml version="1.0" encoding="UTF-8"?>
<!-- Generated by org.testng.reporters.JUnitReportReporter -->
<testsuite hostname="Mohammads-Air" name="lec23_java_selenium.z_SwitchMethods_Windows" tests="1" failures="0" timestamp="16 May 2021 05:15:35 GMT" time="0.792" errors="0">
  <testcase name="switchWindows" time="0.792" classname="lec23_java_selenium.z_SwitchMethods_Windows"/>
</testsuite> <!-- lec23_java_selenium.z_SwitchMethods_Windows -->
