<?xml version="1.0" encoding="UTF-8"?>
<!-- Generated by org.testng.reporters.JUnitReportReporter -->
<testsuite hostname="Mohammads-Air" name="lec23_java_selenium.FindElementVsFindElements" tests="1" failures="0" timestamp="17 May 2021 20:00:38 GMT" time="16.944" errors="0">
  <testcase name="findElementVsFindElements" time="16.944" classname="lec23_java_selenium.FindElementVsFindElements"/>
</testsuite> <!-- lec23_java_selenium.FindElementVsFindElements -->
