<?xml version="1.0" encoding="UTF-8"?>
<!-- Generated by org.testng.reporters.JUnitReportReporter -->
<testsuite hostname="Mohammads-Air" name="lec23_java_selenium.SelectByVisibleText" tests="1" failures="0" timestamp="18 May 2021 19:25:07 GMT" time="5.219" errors="0">
  <testcase name="selectByVisibleTextTest" time="5.219" classname="lec23_java_selenium.SelectByVisibleText"/>
</testsuite> <!-- lec23_java_selenium.SelectByVisibleText -->
