<?xml version="1.0" encoding="UTF-8"?>
<!-- Generated by org.testng.reporters.JUnitReportReporter -->
<testsuite hostname="Mohammads-Air" name="lec23_java_selenium.a_DoubleClickAction" tests="1" failures="0" timestamp="16 May 2021 01:27:41 GMT" time="4.740" errors="0">
  <testcase name="doubleClickAction" time="4.740" classname="lec23_java_selenium.a_DoubleClickAction"/>
</testsuite> <!-- lec23_java_selenium.a_DoubleClickAction -->
