<?xml version="1.0" encoding="UTF-8"?>
<!-- Generated by org.testng.reporters.JUnitReportReporter -->
<testsuite hostname="Mohammads-Air" name="lec23_java_selenium.SliderAction" tests="1" failures="0" timestamp="20 May 2021 03:21:20 GMT" time="10.849" errors="0">
  <testcase name="sliderActionte" time="10.849" classname="lec23_java_selenium.SliderAction"/>
</testsuite> <!-- lec23_java_selenium.SliderAction -->
